**********************
PowerShell transcript start
Start time: 20250331204901
Username: Megthink\Rakesh
RunAs User: Megthink\Rakesh
Configuration Name: 
Machine: MEGTHINK (Microsoft Windows NT 10.0.26100.0)
Host Application: C:\Program Files\PowerShell\7\pwsh.dll -NoProfile -ExecutionPolicy Bypass -Command Import-Module 'c:\Users\Rakesh\.vscode\extensions\ms-vscode.powershell-2025.0.0\modules\PowerShellEditorServices\PowerShellEditorServices.psd1'; Start-EditorServices -HostName 'Visual Studio Code Host' -HostProfileId 'Microsoft.VSCode' -HostVersion '2025.0.0' -BundledModulesPath 'c:\Users\Rakesh\.vscode\extensions\ms-vscode.powershell-2025.0.0\modules' -EnableConsoleRepl -StartupBanner "PowerShell Extension v2025.0.0
Copyright (c) Microsoft Corporation.

https://aka.ms/vscode-powershell
Type 'help' to get help.
" -LogLevel 'Warning' -LogPath 'c:\Users\Rakesh\AppData\Roaming\Code\logs\20250329T101626\window1\exthost\ms-vscode.powershell' -SessionDetailsPath 'c:\Users\Rakesh\AppData\Roaming\Code\User\globalStorage\ms-vscode.powershell\sessions\PSES-VSCode-44956-458672.json' -FeatureFlags @() 
Process ID: 34356
PSVersion: 7.4.7
PSEdition: Core
GitCommitId: 7.4.7
OS: Microsoft Windows 10.0.26100
Platform: Win32NT
PSCompatibleVersions: 1.0, 2.0, 3.0, 4.0, 5.0, 5.1, 6.0, 7.0
PSRemotingProtocolVersion: 2.3
SerializationVersion: 1.1.0.1
WSManStackVersion: 3.0
**********************
Transcript started, output file is C:\Users\Rakesh\Downloads\SAMLCertRenewal.log
PS>TerminatingError(Import-Module): "Assembly with same name is already loaded"
>> TerminatingError(Import-Module): "Assembly with same name is already loaded"
]633;D;1]633;A]633;P;Cwd=C:\x5cUsers\x5cRakeshPS C:\Users\Rakesh> ]633;B
